<?xml version="1.0" encoding="UTF-8"?>
<!-- Generated by org.testng.reporters.JUnitXMLReporter -->
<testsuite ignored="0" hostname="LAPTOP-7UOI14JD" failures="0" tests="5" name="Default test" time="153.476" errors="0" timestamp="2023-04-27T19:35:25 IST">
  <testcase classname="mavenprojectecom.BestSellerTestCase" name="test1" time="24.109"/>
  <testcase classname="mavenprojectecom.BestSellerTestCase" name="test2" time="17.92"/>
  <testcase classname="mavenprojectecom.BestSellerTestCase" name="test3" time="17.527"/>
  <testcase classname="mavenprojectecom.BestSellerTestCase" name="test4" time="12.877"/>
  <testcase classname="mavenprojectecom.BestSellerTestCase" name="test5" time="18.419"/>
</testsuite> <!-- Default test -->
