<?xml version="1.0" encoding="UTF-8"?>
<!-- Generated by org.testng.reporters.JUnitXMLReporter -->
<testsuite ignored="3" hostname="LAPTOP-7UOI14JD" failures="0" tests="2" name="Regression1" time="99.201" errors="0" timestamp="2023-05-01T19:49:24 IST">
  <testcase classname="mavenprojectecom.BestSellerTestCase" name="test1" time="26.038"/>
  <testcase classname="mavenprojectecom.BestSellerTestCase" name="test2" time="19.313"/>
  <testcase classname="mavenprojectecom.BestSellerTestCase" name="test4" time="0.0">
    <ignored/>
  </testcase> <!-- test4 -->
  <testcase classname="mavenprojectecom.BestSellerTestCase" name="test5" time="0.0">
    <ignored/>
  </testcase> <!-- test5 -->
  <testcase classname="mavenprojectecom.BestSellerTestCase" name="test3" time="0.0">
    <ignored/>
  </testcase> <!-- test3 -->
</testsuite> <!-- Regression1 -->
