<?xml version="1.0" encoding="UTF-8"?>
<testng-results ignored="3" total="5" passed="2" failed="0" skipped="0">
  <reporter-output>
  </reporter-output>
  <suite started-at="2023-05-01T19:47:45 IST" name="Suite1" finished-at="2023-05-01T19:49:24 IST" duration-ms="99201">
    <groups>
    </groups>
    <test started-at="2023-05-01T19:47:45 IST" name="Regression1" finished-at="2023-05-01T19:49:24 IST" duration-ms="99201">
      <class name="mavenprojectecom.BestSellerTestCase">
        <test-method is-config="true" signature="setup()[pri:0, instance:mavenprojectecom.BestSellerTestCase@27ff5d15]" started-at="2023-05-01T19:47:45 IST" name="setup" finished-at="2023-05-01T19:47:47 IST" duration-ms="1966" status="PASS">
          <reporter-output>
          </reporter-output>
        </test-method> <!-- setup -->
        <test-method is-config="true" signature="openbrowser()[pri:0, instance:mavenprojectecom.BestSellerTestCase@27ff5d15]" started-at="2023-05-01T19:47:47 IST" name="openbrowser" finished-at="2023-05-01T19:48:17 IST" duration-ms="29810" status="PASS">
          <reporter-output>
          </reporter-output>
        </test-method> <!-- openbrowser -->
        <test-method signature="test1()[pri:0, instance:mavenprojectecom.BestSellerTestCase@27ff5d15]" started-at="2023-05-01T19:48:17 IST" name="test1" finished-at="2023-05-01T19:48:43 IST" duration-ms="26038" status="PASS">
          <reporter-output>
          </reporter-output>
        </test-method> <!-- test1 -->
        <test-method is-config="true" signature="closeb()[pri:0, instance:mavenprojectecom.BestSellerTestCase@27ff5d15]" started-at="2023-05-01T19:48:43 IST" name="closeb" finished-at="2023-05-01T19:48:46 IST" duration-ms="2701" status="PASS">
          <reporter-output>
          </reporter-output>
        </test-method> <!-- closeb -->
        <test-method is-config="true" signature="openbrowser()[pri:0, instance:mavenprojectecom.BestSellerTestCase@27ff5d15]" started-at="2023-05-01T19:48:46 IST" name="openbrowser" finished-at="2023-05-01T19:49:01 IST" duration-ms="15354" status="PASS">
          <reporter-output>
          </reporter-output>
        </test-method> <!-- openbrowser -->
        <test-method signature="test2()[pri:0, instance:mavenprojectecom.BestSellerTestCase@27ff5d15]" started-at="2023-05-01T19:49:01 IST" name="test2" finished-at="2023-05-01T19:49:21 IST" duration-ms="19313" status="PASS">
          <reporter-output>
          </reporter-output>
        </test-method> <!-- test2 -->
        <test-method is-config="true" signature="closeb()[pri:0, instance:mavenprojectecom.BestSellerTestCase@27ff5d15]" started-at="2023-05-01T19:49:21 IST" name="closeb" finished-at="2023-05-01T19:49:22 IST" duration-ms="1833" status="PASS">
          <reporter-output>
          </reporter-output>
        </test-method> <!-- closeb -->
        <test-method is-config="true" signature="repgen()[pri:0, instance:mavenprojectecom.BestSellerTestCase@27ff5d15]" started-at="2023-05-01T19:49:22 IST" name="repgen" finished-at="2023-05-01T19:49:24 IST" duration-ms="1673" status="PASS">
          <reporter-output>
          </reporter-output>
        </test-method> <!-- repgen -->
      </class> <!-- mavenprojectecom.BestSellerTestCase -->
    </test> <!-- Regression1 -->
  </suite> <!-- Suite1 -->
</testng-results>
