<?xml version="1.0" encoding="UTF-8"?>
<testng-results ignored="0" total="5" passed="5" failed="0" skipped="0">
  <reporter-output>
  </reporter-output>
  <suite started-at="2023-04-27T19:32:51 IST" name="Default suite" finished-at="2023-04-27T19:35:25 IST" duration-ms="153476">
    <groups>
    </groups>
    <test started-at="2023-04-27T19:32:51 IST" name="Default test" finished-at="2023-04-27T19:35:25 IST" duration-ms="153476">
      <class name="mavenprojectecom.BestSellerTestCase">
        <test-method is-config="true" signature="setup()[pri:0, instance:mavenprojectecom.BestSellerTestCase@738dc9b]" started-at="2023-04-27T19:32:51 IST" name="setup" finished-at="2023-04-27T19:32:52 IST" duration-ms="461" status="PASS">
          <reporter-output>
          </reporter-output>
        </test-method> <!-- setup -->
        <test-method is-config="true" signature="openbrowser()[pri:0, instance:mavenprojectecom.BestSellerTestCase@738dc9b]" started-at="2023-04-27T19:32:52 IST" name="openbrowser" finished-at="2023-04-27T19:33:11 IST" duration-ms="19053" status="PASS">
          <reporter-output>
          </reporter-output>
        </test-method> <!-- openbrowser -->
        <test-method signature="test1()[pri:0, instance:mavenprojectecom.BestSellerTestCase@738dc9b]" started-at="2023-04-27T19:33:11 IST" name="test1" finished-at="2023-04-27T19:33:35 IST" duration-ms="24109" status="PASS">
          <reporter-output>
          </reporter-output>
        </test-method> <!-- test1 -->
        <test-method is-config="true" signature="closeb()[pri:0, instance:mavenprojectecom.BestSellerTestCase@738dc9b]" started-at="2023-04-27T19:33:35 IST" name="closeb" finished-at="2023-04-27T19:33:36 IST" duration-ms="1420" status="PASS">
          <reporter-output>
          </reporter-output>
        </test-method> <!-- closeb -->
        <test-method is-config="true" signature="openbrowser()[pri:0, instance:mavenprojectecom.BestSellerTestCase@738dc9b]" started-at="2023-04-27T19:33:36 IST" name="openbrowser" finished-at="2023-04-27T19:33:46 IST" duration-ms="9365" status="PASS">
          <reporter-output>
          </reporter-output>
        </test-method> <!-- openbrowser -->
        <test-method signature="test2()[pri:0, instance:mavenprojectecom.BestSellerTestCase@738dc9b]" started-at="2023-04-27T19:33:46 IST" name="test2" finished-at="2023-04-27T19:34:04 IST" duration-ms="17920" status="PASS">
          <reporter-output>
          </reporter-output>
        </test-method> <!-- test2 -->
        <test-method is-config="true" signature="closeb()[pri:0, instance:mavenprojectecom.BestSellerTestCase@738dc9b]" started-at="2023-04-27T19:34:04 IST" name="closeb" finished-at="2023-04-27T19:34:05 IST" duration-ms="1142" status="PASS">
          <reporter-output>
          </reporter-output>
        </test-method> <!-- closeb -->
        <test-method is-config="true" signature="openbrowser()[pri:0, instance:mavenprojectecom.BestSellerTestCase@738dc9b]" started-at="2023-04-27T19:34:05 IST" name="openbrowser" finished-at="2023-04-27T19:34:14 IST" duration-ms="8918" status="PASS">
          <reporter-output>
          </reporter-output>
        </test-method> <!-- openbrowser -->
        <test-method signature="test3()[pri:0, instance:mavenprojectecom.BestSellerTestCase@738dc9b]" started-at="2023-04-27T19:34:14 IST" name="test3" finished-at="2023-04-27T19:34:31 IST" duration-ms="17527" status="PASS">
          <reporter-output>
          </reporter-output>
        </test-method> <!-- test3 -->
        <test-method is-config="true" signature="closeb()[pri:0, instance:mavenprojectecom.BestSellerTestCase@738dc9b]" started-at="2023-04-27T19:34:31 IST" name="closeb" finished-at="2023-04-27T19:34:32 IST" duration-ms="1201" status="PASS">
          <reporter-output>
          </reporter-output>
        </test-method> <!-- closeb -->
        <test-method is-config="true" signature="openbrowser()[pri:0, instance:mavenprojectecom.BestSellerTestCase@738dc9b]" started-at="2023-04-27T19:34:32 IST" name="openbrowser" finished-at="2023-04-27T19:34:41 IST" duration-ms="9020" status="PASS">
          <reporter-output>
          </reporter-output>
        </test-method> <!-- openbrowser -->
        <test-method signature="test4()[pri:0, instance:mavenprojectecom.BestSellerTestCase@738dc9b]" started-at="2023-04-27T19:34:41 IST" name="test4" finished-at="2023-04-27T19:34:54 IST" duration-ms="12877" status="PASS">
          <reporter-output>
          </reporter-output>
        </test-method> <!-- test4 -->
        <test-method is-config="true" signature="closeb()[pri:0, instance:mavenprojectecom.BestSellerTestCase@738dc9b]" started-at="2023-04-27T19:34:54 IST" name="closeb" finished-at="2023-04-27T19:34:56 IST" duration-ms="1420" status="PASS">
          <reporter-output>
          </reporter-output>
        </test-method> <!-- closeb -->
        <test-method is-config="true" signature="openbrowser()[pri:0, instance:mavenprojectecom.BestSellerTestCase@738dc9b]" started-at="2023-04-27T19:34:56 IST" name="openbrowser" finished-at="2023-04-27T19:35:05 IST" duration-ms="8902" status="PASS">
          <reporter-output>
          </reporter-output>
        </test-method> <!-- openbrowser -->
        <test-method signature="test5()[pri:0, instance:mavenprojectecom.BestSellerTestCase@738dc9b]" started-at="2023-04-27T19:35:05 IST" name="test5" finished-at="2023-04-27T19:35:23 IST" duration-ms="18419" status="PASS">
          <reporter-output>
          </reporter-output>
        </test-method> <!-- test5 -->
        <test-method is-config="true" signature="closeb()[pri:0, instance:mavenprojectecom.BestSellerTestCase@738dc9b]" started-at="2023-04-27T19:35:23 IST" name="closeb" finished-at="2023-04-27T19:35:24 IST" duration-ms="1191" status="PASS">
          <reporter-output>
          </reporter-output>
        </test-method> <!-- closeb -->
        <test-method is-config="true" signature="repgen()[pri:0, instance:mavenprojectecom.BestSellerTestCase@738dc9b]" started-at="2023-04-27T19:35:24 IST" name="repgen" finished-at="2023-04-27T19:35:25 IST" duration-ms="439" status="PASS">
          <reporter-output>
          </reporter-output>
        </test-method> <!-- repgen -->
      </class> <!-- mavenprojectecom.BestSellerTestCase -->
    </test> <!-- Default test -->
  </suite> <!-- Default suite -->
</testng-results>
